\BOOKMARK [1][-]{section.1}{\376\377\133\236\232\214\166\356\166\204}{}% 1
\BOOKMARK [1][-]{section.2}{\376\377\133\236\232\214\163\257\130\203}{}% 2
\BOOKMARK [1][-]{section.3}{\376\377\174\373\176\337\147\266\147\204}{}% 3
\BOOKMARK [2][-]{subsection.3.1}{\376\377\145\164\117\123\147\266\147\204}{section.3}% 4
\BOOKMARK [2][-]{subsection.3.2}{\376\377\145\160\143\156\220\032\215\357}{section.3}% 5
\BOOKMARK [2][-]{subsection.3.3}{\376\377\116\016\133\236\232\214\116\214\166\204\121\163\174\373}{section.3}% 6
\BOOKMARK [1][-]{section.4}{\376\377\170\154\116\366\213\276\213\241}{}% 7
\BOOKMARK [2][-]{subsection.4.1}{\376\377\145\271\124\021\143\011\224\256\143\245\121\145\000\040\000G\000P\000I\000O}{section.4}% 8
\BOOKMARK [2][-]{subsection.4.2}{\376\377\116\003\153\265\145\160\170\001\173\241\146\076\171\072\122\006\145\160}{section.4}% 9
\BOOKMARK [2][-]{subsection.4.3}{\376\377\116\015\165\050\000\040\000V\000G\000A}{section.4}% 10
\BOOKMARK [1][-]{section.5}{\376\377\217\157\116\366\213\276\213\241}{}% 11
\BOOKMARK [2][-]{subsection.5.1}{\376\377\145\260\130\236\123\237\131\313\133\127\202\202\123\321\220\001\000\040\000u\000a\000r\000t\000\137\000p\000u\000t\000c\000\137\000r\000a\000w}{section.5}% 12
\BOOKMARK [2][-]{subsection.5.2}{\376\377\215\052\124\003\206\307\156\070\142\017\220\073\217\221}{section.5}% 13
\BOOKMARK [2][-]{subsection.5.3}{\376\377\000U\000A\000R\000T\000\040\123\117\213\256\136\047}{section.5}% 14
\BOOKMARK [2][-]{subsection.5.4}{\376\377\116\244\123\311\177\026\213\321}{section.5}% 15
\BOOKMARK [1][-]{section.6}{\376\377\000P\000C\000\040\172\357\213\276\213\241}{}% 16
\BOOKMARK [2][-]{subsection.6.1}{\376\377\123\117\213\256\211\343\147\220\116\016\136\047\124\014\153\145}{section.6}% 17
\BOOKMARK [2][-]{subsection.6.2}{\376\377\123\314\176\277\172\013\156\062\147\323\147\266\147\204}{section.6}% 18
\BOOKMARK [2][-]{subsection.6.3}{\376\377\214\003\213\325\135\345\121\167\116\016\124\057\122\250\126\150}{section.6}% 19
\BOOKMARK [1][-]{section.7}{\376\377\116\013\147\177\232\214\213\301}{}% 20
\BOOKMARK [2][-]{subsection.7.1}{\376\377\177\026\213\321\116\016\160\347\137\125\155\101\172\013}{section.7}% 21
\BOOKMARK [2][-]{subsection.7.2}{\376\377\232\214\213\301\176\323\147\234}{section.7}% 22
\BOOKMARK [2][-]{subsection.7.3}{\376\377\232\214\213\301\176\323\213\272}{section.7}% 23
\BOOKMARK [1][-]{section.8}{\376\377\140\073\176\323}{}% 24
\BOOKMARK [2][-]{subsection.8.1}{\376\377\133\236\232\214\145\066\203\267}{section.8}% 25
\BOOKMARK [2][-]{subsection.8.2}{\376\377\220\107\122\060\166\204\225\356\230\230\116\016\211\343\121\263\145\271\154\325}{section.8}% 26
\BOOKMARK [2][-]{subsection.8.3}{\376\377\123\357\145\071\217\333\145\271\124\021}{section.8}% 27
