\BOOKMARK [1][-]{section.1}{\376\377\133\236\232\214\166\356\166\204}{}% 1
\BOOKMARK [1][-]{section.2}{\376\377\133\236\232\214\163\257\130\203}{}% 2
\BOOKMARK [1][-]{section.3}{\376\377\174\373\176\337\147\266\147\204}{}% 3
\BOOKMARK [2][-]{subsection.3.1}{\376\377\145\164\117\123\147\266\147\204}{section.3}% 4
\BOOKMARK [2][-]{subsection.3.2}{\376\377\127\060\127\100\146\040\134\004}{section.3}% 5
\BOOKMARK [2][-]{subsection.3.3}{\376\377\145\366\224\237\116\016\131\015\117\115}{section.3}% 6
\BOOKMARK [2][-]{subsection.3.4}{\376\377\000W\000i\000s\000h\000b\000o\000n\000e\140\073\176\277\116\222\217\336}{section.3}% 7
\BOOKMARK [1][-]{section.4}{\376\377\150\070\137\303\152\041\127\127\213\276\213\241}{}% 8
\BOOKMARK [2][-]{subsection.4.1}{\376\377\000G\000P\000I\000O\152\041\127\127}{section.4}% 9
\BOOKMARK [2][-]{subsection.4.2}{\376\377\000U\000A\000R\000T\152\041\127\127}{section.4}% 10
\BOOKMARK [2][-]{subsection.4.3}{\376\377\000S\000P\000I\000\040\000F\000l\000a\000s\000h\143\247\122\066\126\150}{section.4}% 11
\BOOKMARK [3][-]{subsubsection.4.3.1}{\376\377\000S\000P\000I\123\117\213\256\116\016\145\366\224\237\217\223\121\372}{subsection.4.3}% 12
\BOOKMARK [3][-]{subsubsection.4.3.2}{\376\377\213\373\123\326\124\175\116\344\116\016\145\366\136\217}{subsection.4.3}% 13
\BOOKMARK [3][-]{subsubsection.4.3.3}{\376\377\143\247\122\066\126\150\162\266\140\001\147\072}{subsection.4.3}% 14
\BOOKMARK [2][-]{subsection.4.4}{\376\377\000D\000D\000R\0002\000\040\000S\000D\000R\000A\000M\143\247\122\066\126\150}{section.4}% 15
\BOOKMARK [3][-]{subsubsection.4.4.1}{\376\377\000M\000I\000G\000\040\000I\000P\150\070\221\115\177\156}{subsection.4.4}% 16
\BOOKMARK [3][-]{subsubsection.4.4.2}{\376\377\165\050\142\067\143\245\123\343\117\341\123\367}{subsection.4.4}% 17
\BOOKMARK [3][-]{subsubsection.4.4.3}{\376\377\000D\000D\000R\0002\000\040\000W\000i\000s\000h\000b\000o\000n\000e\150\145\143\245}{subsection.4.4}% 18
\BOOKMARK [1][-]{section.5}{\376\377\217\157\116\366\171\373\151\015}{}% 19
\BOOKMARK [2][-]{subsection.5.1}{\376\377\000B\000o\000o\000t\000L\000o\000a\000d\000e\000r\117\356\145\071}{section.5}% 20
\BOOKMARK [2][-]{subsection.5.2}{\376\377\000C\000/\000O\000S\000-\000I\000I\174\373\176\337\156\220\170\001\117\356\145\071}{section.5}% 21
\BOOKMARK [2][-]{subsection.5.3}{\376\377\116\244\123\311\177\026\213\321\116\016\000O\000S\000.\000b\000i\000n\165\037\142\020}{section.5}% 22
\BOOKMARK [1][-]{section.6}{\376\377\116\013\147\177\232\214\213\301}{}% 23
\BOOKMARK [2][-]{subsection.6.1}{\376\377\160\347\137\125\155\101\172\013}{section.6}% 24
\BOOKMARK [2][-]{subsection.6.2}{\376\377\232\214\213\301\176\323\147\234}{section.6}% 25
\BOOKMARK [3][-]{subsubsection.6.2.1}{\376\377\116\062\123\343\217\223\121\372}{subsection.6.2}% 26
\BOOKMARK [3][-]{subsubsection.6.2.2}{\376\377\145\160\170\001\173\241\146\076\171\072}{subsection.6.2}% 27
\BOOKMARK [3][-]{subsubsection.6.2.3}{\376\377\000L\000E\000D\162\266\140\001\143\007\171\072}{subsection.6.2}% 28
\BOOKMARK [1][-]{section.7}{\376\377\220\107\122\060\166\204\225\356\230\230\116\016\211\343\121\263\145\271\154\325}{}% 29
\BOOKMARK [2][-]{subsection.7.1}{\376\377\145\366\136\217\217\335\117\213}{section.7}% 30
\BOOKMARK [2][-]{subsection.7.2}{\376\377\000S\000P\000I\000\040\000F\000l\000a\000s\000h\143\247\122\066\126\150\147\052\201\352\122\250\124\057\122\250}{section.7}% 31
\BOOKMARK [2][-]{subsection.7.3}{\376\377\000P\000L\000L\225\001\133\232\117\341\123\367\147\052\143\245\121\145\131\015\117\115}{section.7}% 32
\BOOKMARK [2][-]{subsection.7.4}{\376\377\000D\000D\000R\0002\122\035\131\313\123\026\217\156\213\342\153\173\225\001}{section.7}% 33
\BOOKMARK [2][-]{subsection.7.5}{\376\377\000S\000P\000I\000\040\000F\000l\000a\000s\000h\221\307\150\067\166\370\117\115\225\031\117\115\377\010\150\070\137\303\225\356\230\230\377\011}{section.7}% 34
\BOOKMARK [1][-]{section.8}{\376\377\133\236\232\214\140\073\176\323}{}% 35
\BOOKMARK [2][-]{subsection.8.1}{\376\377\133\236\232\214\145\066\203\267}{section.8}% 36
\BOOKMARK [2][-]{subsection.8.2}{\376\377\133\236\232\214\176\323\147\234}{section.8}% 37
