\BOOKMARK [1][-]{section.1}{\376\377\133\236\232\214\166\356\166\204}{}% 1
\BOOKMARK [1][-]{section.2}{\376\377\133\236\232\214\163\257\130\203}{}% 2
\BOOKMARK [1][-]{section.3}{\376\377\000C\000P\000U\145\164\117\123\147\266\147\204}{}% 3
\BOOKMARK [2][-]{subsection.3.1}{\376\377\116\224\176\247\155\101\154\064\176\277\176\323\147\204}{section.3}% 4
\BOOKMARK [2][-]{subsection.3.2}{\376\377\174\373\176\337\230\166\134\102\176\323\147\204}{section.3}% 5
\BOOKMARK [2][-]{subsection.3.3}{\376\377\152\041\127\127\122\027\210\150}{section.3}% 6
\BOOKMARK [2][-]{subsection.3.4}{\376\377\121\163\225\056\213\276\213\241\123\302\145\160}{section.3}% 7
\BOOKMARK [1][-]{section.4}{\376\377\143\007\116\344\226\306\213\276\213\241}{}% 8
\BOOKMARK [2][-]{subsection.4.1}{\376\377\143\007\116\344\122\006\174\173\151\202\217\360}{section.4}% 9
\BOOKMARK [2][-]{subsection.4.2}{\376\377\143\007\116\344\177\026\170\001\150\074\137\017}{section.4}% 10
\BOOKMARK [3][-]{subsubsection.4.2.1}{\376\377\000R\127\213\143\007\116\344}{subsection.4.2}% 11
\BOOKMARK [3][-]{subsubsection.4.2.2}{\376\377\000I\127\213\143\007\116\344}{subsection.4.2}% 12
\BOOKMARK [3][-]{subsubsection.4.2.3}{\376\377\000J\127\213\143\007\116\344}{subsection.4.2}% 13
\BOOKMARK [1][-]{section.5}{\376\377\150\070\137\303\152\041\127\127\213\276\213\241}{}% 14
\BOOKMARK [2][-]{subsection.5.1}{\376\377\123\326\143\007\152\041\127\127\377\010\000p\000c\000\137\000r\000e\000g\377\011}{section.5}% 15
\BOOKMARK [2][-]{subsection.5.2}{\376\377\213\321\170\001\152\041\127\127\377\010\000i\000d\377\011}{section.5}% 16
\BOOKMARK [2][-]{subsection.5.3}{\376\377\142\147\210\114\152\041\127\127\377\010\000e\000x\377\011}{section.5}% 17
\BOOKMARK [2][-]{subsection.5.4}{\376\377\213\277\133\130\152\041\127\127\377\010\000m\000e\000m\377\011}{section.5}% 18
\BOOKMARK [2][-]{subsection.5.5}{\376\377\000C\000P\0000\123\117\131\004\164\006\126\150\377\010\000c\000p\0000\000\137\000r\000e\000g\377\011}{section.5}% 19
\BOOKMARK [2][-]{subsection.5.6}{\376\377\155\101\154\064\176\277\143\247\122\066\152\041\127\127\377\010\000c\000t\000r\000l\377\011}{section.5}% 20
\BOOKMARK [2][-]{subsection.5.7}{\376\377\145\160\143\156\133\130\120\250\126\150\377\010\000d\000a\000t\000a\000\137\000r\000a\000m\377\011}{section.5}% 21
\BOOKMARK [2][-]{subsection.5.8}{\376\377\147\177\176\247\143\245\123\343\377\010\000o\000p\000e\000n\000m\000i\000p\000s\000\137\000b\000o\000a\000r\000d\377\011}{section.5}% 22
\BOOKMARK [1][-]{section.6}{\376\377\121\163\225\056\142\200\147\057\133\236\163\260}{}% 23
\BOOKMARK [2][-]{subsection.6.1}{\376\377\145\160\143\156\122\115\143\250\377\010\000F\000o\000r\000w\000a\000r\000d\000i\000n\000g\377\011}{section.6}% 24
\BOOKMARK [2][-]{subsection.6.2}{\376\377\116\130\175\057\122\240\000/\116\130\175\057\121\317\143\007\116\344}{section.6}% 25
\BOOKMARK [2][-]{subsection.6.3}{\376\377\213\325\125\106\154\325\226\144\154\325\126\150}{section.6}% 26
\BOOKMARK [2][-]{subsection.6.4}{\376\377\137\002\136\070\131\004\164\006\147\072\122\066}{section.6}% 27
\BOOKMARK [2][-]{subsection.6.5}{\376\377\131\047\172\357\152\041\137\017\116\013\166\204\133\127\202\202\000/\123\112\133\127\213\277\225\356}{section.6}% 28
\BOOKMARK [2][-]{subsection.6.6}{\376\377\227\136\133\371\237\120\213\277\133\130\377\010\000L\000W\000L\000/\000L\000W\000R\000/\000S\000W\000L\000/\000S\000W\000R\377\011}{section.6}% 29
\BOOKMARK [1][-]{section.7}{\376\377\155\113\213\325\172\013\136\217\122\006\147\220}{}% 30
\BOOKMARK [2][-]{subsection.7.1}{\376\377\155\113\213\325\172\013\136\217\176\323\147\204}{section.7}% 31
\BOOKMARK [2][-]{subsection.7.2}{\376\377\155\113\213\325\121\375\145\160\213\346\140\305}{section.7}% 32
\BOOKMARK [2][-]{subsection.7.3}{\376\377\155\113\213\325\176\323\147\234\122\044\133\232}{section.7}% 33
\BOOKMARK [2][-]{subsection.7.4}{\376\377\137\002\136\070\131\004\164\006\117\213\172\013}{section.7}% 34
\BOOKMARK [1][-]{section.8}{\376\377\000V\000i\000v\000a\000d\000o\135\345\172\013\133\236\163\260}{}% 35
\BOOKMARK [2][-]{subsection.8.1}{\376\377\135\345\172\013\122\033\136\372}{section.8}% 36
\BOOKMARK [2][-]{subsection.8.2}{\376\377\156\220\145\207\116\366\155\373\122\240}{section.8}% 37
\BOOKMARK [2][-]{subsection.8.3}{\376\377\143\007\116\344\000R\000O\000M\000\040\000I\000P\150\070\165\037\142\020}{section.8}% 38
\BOOKMARK [2][-]{subsection.8.4}{\376\377\137\025\201\032\122\006\221\115}{section.8}% 39
\BOOKMARK [2][-]{subsection.8.5}{\376\377\176\374\124\010\116\016\133\236\163\260}{section.8}% 40
\BOOKMARK [1][-]{section.9}{\376\377\000V\000i\000v\000a\000d\000o\116\377\167\037\232\214\213\301}{}% 41
\BOOKMARK [2][-]{subsection.9.1}{\376\377\116\377\167\037\163\257\130\203\221\115\177\156}{section.9}% 42
\BOOKMARK [2][-]{subsection.9.2}{\376\377\116\377\167\037\154\342\137\142\122\006\147\220}{section.9}% 43
\BOOKMARK [2][-]{subsection.9.3}{\376\377\116\377\167\037\176\323\147\234}{section.9}% 44
\BOOKMARK [1][-]{section.10}{\376\377\133\236\232\214\176\323\147\234}{}% 45
\BOOKMARK [2][-]{subsection.10.1}{\376\377\147\177\176\247\232\214\213\301\176\323\147\234}{section.10}% 46
\BOOKMARK [1][-]{section.11}{\376\377\133\236\232\214\140\073\176\323}{}% 47
\BOOKMARK [2][-]{subsection.11.1}{\376\377\133\236\232\214\145\066\203\267}{section.11}% 48
\BOOKMARK [2][-]{subsection.11.2}{\376\377\220\107\122\060\166\204\225\356\230\230\116\016\211\343\121\263\145\271\154\325}{section.11}% 49
